Arguments: 
  /usr/local/bin/node /Users/grass/Library/pnpm/global/5/node_modules/yarn/bin/yarn.js cache list

PATH: 
  /usr/local/opt/mysql-client/bin:/Users/grass/.cabal/bin:/Users/grass/.ghcup/bin:/Users/grass/Library/pnpm:/usr/local/opt/libiconv/bin:/usr/local/opt/texinfo/bin:/usr/local/sbin:/usr/local/bin:/usr/local/sbin:/Users/grass/.nix-profile/bin:/nix/var/nix/profiles/default/bin:/opt/local/bin:/opt/local/sbin:/usr/local/bin:/usr/bin:/bin:/usr/sbin:/sbin:/opt/X11/bin:/Library/Apple/usr/bin:/Library/Frameworks/Mono.framework/Versions/Current/Commands:/usr/local/sbin:/usr/local/opt/gnu-sed/libexec/gnubin:/Users/grass/.emacs.d/bin:/Users/grass/bin:opt/local/bin:/opt/local/sbin:/Users/grass/.cargo/bin:/Users/grass/.pub-cache/bin:/Users/grass/.pack/bin:/Users/grass/.nix-profile/bin

Yarn version: 
  1.22.19

Node version: 
  14.19.3

Platform: 
  darwin x64

Trace: 
  Invariant Violation: There should only be one folder in a package cache (got  in /Users/grass/Library/Caches/Yarn/v6/npm-gatsby-plugin-local-search-2.0.1-24bfab2fee1f2217562af8d928e734eca0b29319/node_modules)
      at invariant (/Users/grass/Library/pnpm/global/5/.pnpm/yarn@1.22.19/node_modules/yarn/lib/cli.js:2318:15)
      at /Users/grass/Library/pnpm/global/5/.pnpm/yarn@1.22.19/node_modules/yarn/lib/cli.js:59832:7
      at Generator.next (<anonymous>)
      at step (/Users/grass/Library/pnpm/global/5/.pnpm/yarn@1.22.19/node_modules/yarn/lib/cli.js:310:30)
      at /Users/grass/Library/pnpm/global/5/.pnpm/yarn@1.22.19/node_modules/yarn/lib/cli.js:321:13

npm manifest: 
  No manifest

yarn manifest: 
  No manifest

Lockfile: 
  No lockfile
